0 info it worked if it ends with ok
1 verbose cli [ '/usr/bin/nodejs', '/usr/bin/npm', 'install' ]
2 info using npm@3.5.2
3 info using node@v4.2.6
4 silly loadCurrentTree Starting
5 silly install loadCurrentTree
6 silly install readLocalPackageData
7 silly install normalizeTree
8 silly loadCurrentTree Finishing
9 silly loadIdealTree Starting
10 silly install loadIdealTree
11 silly cloneCurrentTree Starting
12 silly install cloneCurrentTreeToIdealTree
13 silly cloneCurrentTree Finishing
14 silly loadShrinkwrap Starting
15 silly install loadShrinkwrap
16 silly loadShrinkwrap Finishing
17 silly loadAllDepsIntoIdealTree Starting
18 silly install loadAllDepsIntoIdealTree
19 silly fetchNamedPackageData @babel/plugin-proposal-export-default-from
20 silly mapToRegistry name @babel/plugin-proposal-export-default-from
21 silly mapToRegistry scope (from package name) @babel
22 verbose mapToRegistry no registry URL found in name for scope @babel
23 silly mapToRegistry using default registry
24 silly mapToRegistry registry https://registry.npmjs.org/
25 silly mapToRegistry uri https://registry.npmjs.org/@babel%2fplugin-proposal-export-default-from
26 silly fetchNamedPackageData @babel/preset-typescript
27 silly mapToRegistry name @babel/preset-typescript
28 silly mapToRegistry scope (from package name) @babel
29 verbose mapToRegistry no registry URL found in name for scope @babel
30 silly mapToRegistry using default registry
31 silly mapToRegistry registry https://registry.npmjs.org/
32 silly mapToRegistry uri https://registry.npmjs.org/@babel%2fpreset-typescript
33 silly fetchNamedPackageData @types/jest
34 silly mapToRegistry name @types/jest
35 silly mapToRegistry scope (from package name) @types
36 verbose mapToRegistry no registry URL found in name for scope @types
37 silly mapToRegistry using default registry
38 silly mapToRegistry registry https://registry.npmjs.org/
39 silly mapToRegistry uri https://registry.npmjs.org/@types%2fjest
40 silly fetchNamedPackageData @typescript-eslint/eslint-plugin
41 silly mapToRegistry name @typescript-eslint/eslint-plugin
42 silly mapToRegistry scope (from package name) @typescript-eslint
43 verbose mapToRegistry no registry URL found in name for scope @typescript-eslint
44 silly mapToRegistry using default registry
45 silly mapToRegistry registry https://registry.npmjs.org/
46 silly mapToRegistry uri https://registry.npmjs.org/@typescript-eslint%2feslint-plugin
47 silly fetchNamedPackageData @typescript-eslint/parser
48 silly mapToRegistry name @typescript-eslint/parser
49 silly mapToRegistry scope (from package name) @typescript-eslint
50 verbose mapToRegistry no registry URL found in name for scope @typescript-eslint
51 silly mapToRegistry using default registry
52 silly mapToRegistry registry https://registry.npmjs.org/
53 silly mapToRegistry uri https://registry.npmjs.org/@typescript-eslint%2fparser
54 silly fetchNamedPackageData clean-webpack-plugin
55 silly mapToRegistry name clean-webpack-plugin
56 silly mapToRegistry using default registry
57 silly mapToRegistry registry https://registry.npmjs.org/
58 silly mapToRegistry uri https://registry.npmjs.org/clean-webpack-plugin
59 silly fetchNamedPackageData fork-ts-checker-webpack-plugin
60 silly mapToRegistry name fork-ts-checker-webpack-plugin
61 silly mapToRegistry using default registry
62 silly mapToRegistry registry https://registry.npmjs.org/
63 silly mapToRegistry uri https://registry.npmjs.org/fork-ts-checker-webpack-plugin
64 silly fetchNamedPackageData html-webpack-plugin
65 silly mapToRegistry name html-webpack-plugin
66 silly mapToRegistry using default registry
67 silly mapToRegistry registry https://registry.npmjs.org/
68 silly mapToRegistry uri https://registry.npmjs.org/html-webpack-plugin
69 silly fetchNamedPackageData jest
70 silly mapToRegistry name jest
71 silly mapToRegistry using default registry
72 silly mapToRegistry registry https://registry.npmjs.org/
73 silly mapToRegistry uri https://registry.npmjs.org/jest
74 silly fetchNamedPackageData source-map
75 silly mapToRegistry name source-map
76 silly mapToRegistry using default registry
77 silly mapToRegistry registry https://registry.npmjs.org/
78 silly mapToRegistry uri https://registry.npmjs.org/source-map
79 silly fetchNamedPackageData ts-jest
80 silly mapToRegistry name ts-jest
81 silly mapToRegistry using default registry
82 silly mapToRegistry registry https://registry.npmjs.org/
83 silly mapToRegistry uri https://registry.npmjs.org/ts-jest
84 silly fetchNamedPackageData ts-loader
85 silly mapToRegistry name ts-loader
86 silly mapToRegistry using default registry
87 silly mapToRegistry registry https://registry.npmjs.org/
88 silly mapToRegistry uri https://registry.npmjs.org/ts-loader
89 silly fetchNamedPackageData typescript
90 silly mapToRegistry name typescript
91 silly mapToRegistry using default registry
92 silly mapToRegistry registry https://registry.npmjs.org/
93 silly mapToRegistry uri https://registry.npmjs.org/typescript
94 silly fetchNamedPackageData webpack
95 silly mapToRegistry name webpack
96 silly mapToRegistry using default registry
97 silly mapToRegistry registry https://registry.npmjs.org/
98 silly mapToRegistry uri https://registry.npmjs.org/webpack
99 silly fetchNamedPackageData webpack-cli
100 silly mapToRegistry name webpack-cli
101 silly mapToRegistry using default registry
102 silly mapToRegistry registry https://registry.npmjs.org/
103 silly mapToRegistry uri https://registry.npmjs.org/webpack-cli
104 silly fetchNamedPackageData webpack-dev-server
105 silly mapToRegistry name webpack-dev-server
106 silly mapToRegistry using default registry
107 silly mapToRegistry registry https://registry.npmjs.org/
108 silly mapToRegistry uri https://registry.npmjs.org/webpack-dev-server
109 verbose request uri https://registry.npmjs.org/@babel%2fplugin-proposal-export-default-from
110 verbose request no auth needed
111 info attempt registry request try #1 at 2:58:13 AM
112 verbose request id fc5b4342ff8c23b7
113 http request GET https://registry.npmjs.org/@babel%2fplugin-proposal-export-default-from
114 verbose request uri https://registry.npmjs.org/@babel%2fpreset-typescript
115 verbose request no auth needed
116 info attempt registry request try #1 at 2:58:14 AM
117 http request GET https://registry.npmjs.org/@babel%2fpreset-typescript
118 verbose request uri https://registry.npmjs.org/@types%2fjest
119 verbose request no auth needed
120 info attempt registry request try #1 at 2:58:14 AM
121 http request GET https://registry.npmjs.org/@types%2fjest
122 verbose request uri https://registry.npmjs.org/@typescript-eslint%2feslint-plugin
123 verbose request no auth needed
124 info attempt registry request try #1 at 2:58:14 AM
125 http request GET https://registry.npmjs.org/@typescript-eslint%2feslint-plugin
126 verbose request uri https://registry.npmjs.org/@typescript-eslint%2fparser
127 verbose request no auth needed
128 info attempt registry request try #1 at 2:58:14 AM
129 http request GET https://registry.npmjs.org/@typescript-eslint%2fparser
130 verbose request uri https://registry.npmjs.org/clean-webpack-plugin
131 verbose request no auth needed
132 info attempt registry request try #1 at 2:58:14 AM
133 http request GET https://registry.npmjs.org/clean-webpack-plugin
134 verbose request uri https://registry.npmjs.org/fork-ts-checker-webpack-plugin
135 verbose request no auth needed
136 info attempt registry request try #1 at 2:58:14 AM
137 http request GET https://registry.npmjs.org/fork-ts-checker-webpack-plugin
138 verbose request uri https://registry.npmjs.org/html-webpack-plugin
139 verbose request no auth needed
140 info attempt registry request try #1 at 2:58:14 AM
141 http request GET https://registry.npmjs.org/html-webpack-plugin
142 verbose request uri https://registry.npmjs.org/jest
143 verbose request no auth needed
144 info attempt registry request try #1 at 2:58:14 AM
145 http request GET https://registry.npmjs.org/jest
146 verbose request uri https://registry.npmjs.org/source-map
147 verbose request no auth needed
148 info attempt registry request try #1 at 2:58:14 AM
149 http request GET https://registry.npmjs.org/source-map
150 verbose request uri https://registry.npmjs.org/ts-jest
151 verbose request no auth needed
152 info attempt registry request try #1 at 2:58:14 AM
153 http request GET https://registry.npmjs.org/ts-jest
154 verbose request uri https://registry.npmjs.org/ts-loader
155 verbose request no auth needed
156 info attempt registry request try #1 at 2:58:14 AM
157 http request GET https://registry.npmjs.org/ts-loader
158 verbose request uri https://registry.npmjs.org/typescript
159 verbose request no auth needed
160 info attempt registry request try #1 at 2:58:14 AM
161 http request GET https://registry.npmjs.org/typescript
162 verbose request uri https://registry.npmjs.org/webpack
163 verbose request no auth needed
164 info attempt registry request try #1 at 2:58:14 AM
165 http request GET https://registry.npmjs.org/webpack
166 verbose request uri https://registry.npmjs.org/webpack-cli
167 verbose request no auth needed
168 info attempt registry request try #1 at 2:58:14 AM
169 http request GET https://registry.npmjs.org/webpack-cli
170 verbose request uri https://registry.npmjs.org/webpack-dev-server
171 verbose request no auth needed
172 info attempt registry request try #1 at 2:58:14 AM
173 http request GET https://registry.npmjs.org/webpack-dev-server
174 http 200 https://registry.npmjs.org/clean-webpack-plugin
175 verbose headers { date: 'Wed, 02 Aug 2023 09:58:15 GMT',
175 verbose headers   'content-type': 'application/json',
175 verbose headers   'transfer-encoding': 'chunked',
175 verbose headers   connection: 'keep-alive',
175 verbose headers   'cf-ray': '7f0576183e7e3b6e-IAD',
175 verbose headers   'cf-cache-status': 'HIT',
175 verbose headers   'access-control-allow-origin': '*',
175 verbose headers   age: '283',
175 verbose headers   'cache-control': 'public, max-age=300',
175 verbose headers   etag: 'W/"d8408a6684c0de992449ba8a8646a083"',
175 verbose headers   'last-modified': 'Mon, 13 Jun 2022 06:07:59 GMT',
175 verbose headers   vary: 'accept-encoding, accept',
175 verbose headers   'x-amz-replication-status': 'COMPLETED',
175 verbose headers   server: 'cloudflare',
175 verbose headers   'content-encoding': 'gzip' }
176 silly get cb [ 200,
176 silly get   { date: 'Wed, 02 Aug 2023 09:58:15 GMT',
176 silly get     'content-type': 'application/json',
176 silly get     'transfer-encoding': 'chunked',
176 silly get     connection: 'keep-alive',
176 silly get     'cf-ray': '7f0576183e7e3b6e-IAD',
176 silly get     'cf-cache-status': 'HIT',
176 silly get     'access-control-allow-origin': '*',
176 silly get     age: '283',
176 silly get     'cache-control': 'public, max-age=300',
176 silly get     etag: 'W/"d8408a6684c0de992449ba8a8646a083"',
176 silly get     'last-modified': 'Mon, 13 Jun 2022 06:07:59 GMT',
176 silly get     vary: 'accept-encoding, accept',
176 silly get     'x-amz-replication-status': 'COMPLETED',
176 silly get     server: 'cloudflare',
176 silly get     'content-encoding': 'gzip' } ]
177 verbose get saving clean-webpack-plugin to /root/.npm/registry.npmjs.org/clean-webpack-plugin/.cache.json
178 http 200 https://registry.npmjs.org/@babel%2fplugin-proposal-export-default-from
179 verbose headers { date: 'Wed, 02 Aug 2023 09:58:14 GMT',
179 verbose headers   'content-type': 'application/json',
179 verbose headers   'transfer-encoding': 'chunked',
179 verbose headers   connection: 'keep-alive',
179 verbose headers   'cf-ray': '7f057615cd442d21-IAD',
179 verbose headers   'cf-cache-status': 'HIT',
179 verbose headers   'access-control-allow-origin': '*',
179 verbose headers   age: '123',
179 verbose headers   'cache-control': 'public, max-age=300',
179 verbose headers   etag: 'W/"680a292163e7609679022aba90497b59"',
179 verbose headers   'last-modified': 'Mon, 24 Jul 2023 17:52:24 GMT',
179 verbose headers   vary: 'accept-encoding, accept',
179 verbose headers   'x-amz-replication-status': 'PENDING',
179 verbose headers   'x-amz-server-side-encryption': 'AES256',
179 verbose headers   server: 'cloudflare',
179 verbose headers   'content-encoding': 'gzip' }
180 silly get cb [ 200,
180 silly get   { date: 'Wed, 02 Aug 2023 09:58:14 GMT',
180 silly get     'content-type': 'application/json',
180 silly get     'transfer-encoding': 'chunked',
180 silly get     connection: 'keep-alive',
180 silly get     'cf-ray': '7f057615cd442d21-IAD',
180 silly get     'cf-cache-status': 'HIT',
180 silly get     'access-control-allow-origin': '*',
180 silly get     age: '123',
180 silly get     'cache-control': 'public, max-age=300',
180 silly get     etag: 'W/"680a292163e7609679022aba90497b59"',
180 silly get     'last-modified': 'Mon, 24 Jul 2023 17:52:24 GMT',
180 silly get     vary: 'accept-encoding, accept',
180 silly get     'x-amz-replication-status': 'PENDING',
180 silly get     'x-amz-server-side-encryption': 'AES256',
180 silly get     server: 'cloudflare',
180 silly get     'content-encoding': 'gzip' } ]
181 verbose get saving @babel/plugin-proposal-export-default-from to /root/.npm/registry.npmjs.org/_40babel_252fplugin-proposal-export-default-from/.cache.json
182 http 200 https://registry.npmjs.org/@babel%2fpreset-typescript
183 verbose headers { date: 'Wed, 02 Aug 2023 09:58:14 GMT',
183 verbose headers   'content-type': 'application/json',
183 verbose headers   'transfer-encoding': 'chunked',
183 verbose headers   connection: 'keep-alive',
183 verbose headers   'cf-ray': '7f057615ba600843-IAD',
183 verbose headers   'cf-cache-status': 'HIT',
183 verbose headers   'access-control-allow-origin': '*',
183 verbose headers   age: '191',
183 verbose headers   'cache-control': 'public, max-age=300',
183 verbose headers   etag: 'W/"1273f27e4a29075bcfbcba0c0ef7173b"',
183 verbose headers   'last-modified': 'Mon, 24 Jul 2023 17:53:12 GMT',
183 verbose headers   vary: 'accept-encoding, accept',
183 verbose headers   'x-amz-replication-status': 'PENDING',
183 verbose headers   'x-amz-server-side-encryption': 'AES256',
183 verbose headers   server: 'cloudflare',
183 verbose headers   'content-encoding': 'gzip' }
184 silly get cb [ 200,
184 silly get   { date: 'Wed, 02 Aug 2023 09:58:14 GMT',
184 silly get     'content-type': 'application/json',
184 silly get     'transfer-encoding': 'chunked',
184 silly get     connection: 'keep-alive',
184 silly get     'cf-ray': '7f057615ba600843-IAD',
184 silly get     'cf-cache-status': 'HIT',
184 silly get     'access-control-allow-origin': '*',
184 silly get     age: '191',
184 silly get     'cache-control': 'public, max-age=300',
184 silly get     etag: 'W/"1273f27e4a29075bcfbcba0c0ef7173b"',
184 silly get     'last-modified': 'Mon, 24 Jul 2023 17:53:12 GMT',
184 silly get     vary: 'accept-encoding, accept',
184 silly get     'x-amz-replication-status': 'PENDING',
184 silly get     'x-amz-server-side-encryption': 'AES256',
184 silly get     server: 'cloudflare',
184 silly get     'content-encoding': 'gzip' } ]
185 verbose get saving @babel/preset-typescript to /root/.npm/registry.npmjs.org/_40babel_252fpreset-typescript/.cache.json
186 http 200 https://registry.npmjs.org/source-map
187 verbose headers { date: 'Wed, 02 Aug 2023 09:58:14 GMT',
187 verbose headers   'content-type': 'application/json',
187 verbose headers   'transfer-encoding': 'chunked',
187 verbose headers   connection: 'keep-alive',
187 verbose headers   'cf-ray': '7f057615cf2c207c-IAD',
187 verbose headers   'cf-cache-status': 'HIT',
187 verbose headers   'access-control-allow-origin': '*',
187 verbose headers   age: '248',
187 verbose headers   'cache-control': 'public, max-age=300',
187 verbose headers   etag: 'W/"31a9662f8afd9e6497c9c0a914990636"',
187 verbose headers   'last-modified': 'Sat, 29 Apr 2023 05:00:37 GMT',
187 verbose headers   vary: 'accept-encoding, accept',
187 verbose headers   'x-amz-replication-status': 'COMPLETED',
187 verbose headers   'x-amz-server-side-encryption': 'AES256',
187 verbose headers   server: 'cloudflare',
187 verbose headers   'content-encoding': 'gzip' }
188 silly get cb [ 200,
188 silly get   { date: 'Wed, 02 Aug 2023 09:58:14 GMT',
188 silly get     'content-type': 'application/json',
188 silly get     'transfer-encoding': 'chunked',
188 silly get     connection: 'keep-alive',
188 silly get     'cf-ray': '7f057615cf2c207c-IAD',
188 silly get     'cf-cache-status': 'HIT',
188 silly get     'access-control-allow-origin': '*',
188 silly get     age: '248',
188 silly get     'cache-control': 'public, max-age=300',
188 silly get     etag: 'W/"31a9662f8afd9e6497c9c0a914990636"',
188 silly get     'last-modified': 'Sat, 29 Apr 2023 05:00:37 GMT',
188 silly get     vary: 'accept-encoding, accept',
188 silly get     'x-amz-replication-status': 'COMPLETED',
188 silly get     'x-amz-server-side-encryption': 'AES256',
188 silly get     server: 'cloudflare',
188 silly get     'content-encoding': 'gzip' } ]
189 verbose get saving source-map to /root/.npm/registry.npmjs.org/source-map/.cache.json
190 verbose stack Error: Missing required argument #1
190 verbose stack     at andLogAndFinish (/usr/share/npm/lib/fetch-package-metadata.js:31:3)
190 verbose stack     at fetchPackageMetadata (/usr/share/npm/lib/fetch-package-metadata.js:51:22)
190 verbose stack     at resolveWithNewModule (/usr/share/npm/lib/install/deps.js:456:12)
190 verbose stack     at /usr/share/npm/lib/install/deps.js:457:7
190 verbose stack     at /usr/share/npm/node_modules/iferr/index.js:13:50
190 verbose stack     at /usr/share/npm/lib/fetch-package-metadata.js:37:12
190 verbose stack     at addRequestedAndFinish (/usr/share/npm/lib/fetch-package-metadata.js:82:5)
190 verbose stack     at returnAndAddMetadata (/usr/share/npm/lib/fetch-package-metadata.js:117:7)
190 verbose stack     at pickVersionFromRegistryDocument (/usr/share/npm/lib/fetch-package-metadata.js:134:20)
190 verbose stack     at /usr/share/npm/node_modules/iferr/index.js:13:50
191 verbose cwd /alx-frontend-javascript/0x04-TypeScript/task_0
192 error Linux 5.4.0-1103-aws
193 error argv "/usr/bin/nodejs" "/usr/bin/npm" "install"
194 error node v4.2.6
195 error npm  v3.5.2
196 error code EMISSINGARG
197 error typeerror Error: Missing required argument #1
197 error typeerror     at andLogAndFinish (/usr/share/npm/lib/fetch-package-metadata.js:31:3)
197 error typeerror     at fetchPackageMetadata (/usr/share/npm/lib/fetch-package-metadata.js:51:22)
197 error typeerror     at resolveWithNewModule (/usr/share/npm/lib/install/deps.js:456:12)
197 error typeerror     at /usr/share/npm/lib/install/deps.js:457:7
197 error typeerror     at /usr/share/npm/node_modules/iferr/index.js:13:50
197 error typeerror     at /usr/share/npm/lib/fetch-package-metadata.js:37:12
197 error typeerror     at addRequestedAndFinish (/usr/share/npm/lib/fetch-package-metadata.js:82:5)
197 error typeerror     at returnAndAddMetadata (/usr/share/npm/lib/fetch-package-metadata.js:117:7)
197 error typeerror     at pickVersionFromRegistryDocument (/usr/share/npm/lib/fetch-package-metadata.js:134:20)
197 error typeerror     at /usr/share/npm/node_modules/iferr/index.js:13:50
198 error typeerror This is an error with npm itself. Please report this error at:
198 error typeerror     <http://github.com/npm/npm/issues>
199 verbose exit [ 1, true ]
